[0m18:08:56.471670 [debug] [MainThread]: Sending event: {'category': 'dbt', 'action': 'invocation', 'label': 'start', 'context': [<snowplow_tracker.self_describing_json.SelfDescribingJson object at 0x000001D9BE77FE00>, <snowplow_tracker.self_describing_json.SelfDescribingJson object at 0x000001D9BAFA9220>, <snowplow_tracker.self_describing_json.SelfDescribingJson object at 0x000001D9BE77FE90>]}


============================== 18:08:56.474591 | 0b5ac756-3fe8-4791-8290-99e26d62a6b8 ==============================
[0m18:08:56.474591 [info ] [MainThread]: Running with dbt=1.8.6
[0m18:08:56.475563 [debug] [MainThread]: running dbt with arguments {'printer_width': '80', 'indirect_selection': 'eager', 'write_json': 'True', 'log_cache_events': 'False', 'partial_parse': 'True', 'cache_selected_only': 'False', 'warn_error': 'None', 'debug': 'False', 'version_check': 'True', 'log_path': 'logs', 'fail_fast': 'False', 'profiles_dir': 'C:\\Users\\argus\\.dbt', 'use_colors': 'True', 'use_experimental_parser': 'False', 'empty': 'None', 'quiet': 'False', 'no_print': 'None', 'log_format': 'default', 'invocation_command': 'dbt init', 'warn_error_options': 'WarnErrorOptions(include=[], exclude=[])', 'introspect': 'True', 'target_path': 'None', 'static_parser': 'True', 'send_anonymous_usage_stats': 'True'}
[0m18:08:56.486274 [warn ] [MainThread]: [ConfigFolderDirectory]: Unable to parse dict {'dir': WindowsPath('C:/Users/argus/.dbt')}
[0m18:08:56.487247 [info ] [MainThread]: Creating dbt configuration folder at 
[0m18:09:36.012979 [debug] [MainThread]: Starter project path: C:\Users\argus\workspace\dwcomdbt\.venv\Lib\site-packages\dbt\include\starter_project
[0m18:09:36.032453 [info ] [MainThread]: 
Your new dbt project "dwcomdbt" was created!

For more information on how to configure the profiles.yml file,
please consult the dbt documentation here:

  https://docs.getdbt.com/docs/configure-your-profile

One more thing:

Need help? Don't hesitate to reach out to us via GitHub issues or on Slack:

  https://community.getdbt.com/

Happy modeling!

[0m18:09:36.033427 [info ] [MainThread]: Setting up your profile.
[0m18:11:08.988297 [info ] [MainThread]: Profile dwcomdbt written to C:\Users\argus\.dbt\profiles.yml using target's profile_template.yml and your supplied values. Run 'dbt debug' to validate the connection.
[0m18:11:08.990291 [debug] [MainThread]: Command `dbt init` succeeded at 18:11:08.990291 after 132.62 seconds
[0m18:11:08.993981 [debug] [MainThread]: Sending event: {'category': 'dbt', 'action': 'invocation', 'label': 'end', 'context': [<snowplow_tracker.self_describing_json.SelfDescribingJson object at 0x000001D9BAFA9220>, <snowplow_tracker.self_describing_json.SelfDescribingJson object at 0x000001D9BC4918E0>, <snowplow_tracker.self_describing_json.SelfDescribingJson object at 0x000001D9BE9FBA10>]}
[0m18:11:08.994974 [debug] [MainThread]: Flushing usage events
[0m18:43:46.200639 [debug] [MainThread]: Sending event: {'category': 'dbt', 'action': 'invocation', 'label': 'start', 'context': [<snowplow_tracker.self_describing_json.SelfDescribingJson object at 0x0000022F22127BF0>, <snowplow_tracker.self_describing_json.SelfDescribingJson object at 0x0000022F24A7B8C0>, <snowplow_tracker.self_describing_json.SelfDescribingJson object at 0x0000022F248186E0>]}


============================== 18:43:46.203563 | f1f20bad-5343-4b21-9ee4-850f6d4e6c61 ==============================
[0m18:43:46.203563 [info ] [MainThread]: Running with dbt=1.8.6
[0m18:43:46.203563 [debug] [MainThread]: running dbt with arguments {'printer_width': '80', 'indirect_selection': 'eager', 'write_json': 'True', 'log_cache_events': 'False', 'partial_parse': 'True', 'cache_selected_only': 'False', 'profiles_dir': '../', 'fail_fast': 'False', 'version_check': 'True', 'log_path': 'logs', 'warn_error': 'None', 'debug': 'False', 'use_colors': 'True', 'use_experimental_parser': 'False', 'empty': 'None', 'quiet': 'False', 'no_print': 'None', 'log_format': 'default', 'introspect': 'True', 'invocation_command': 'dbt debug', 'static_parser': 'True', 'target_path': 'None', 'warn_error_options': 'WarnErrorOptions(include=[], exclude=[])', 'send_anonymous_usage_stats': 'True'}
[0m18:43:46.213297 [info ] [MainThread]: dbt version: 1.8.6
[0m18:43:46.214270 [info ] [MainThread]: python version: 3.12.4
[0m18:43:46.214270 [info ] [MainThread]: python path: C:\Users\argus\workspace\dwcomdbt\.venv\Scripts\python.exe
[0m18:43:46.215239 [info ] [MainThread]: os info: Windows-11-10.0.22631-SP0
[0m18:43:46.215239 [info ] [MainThread]: Using profiles dir at ../
[0m18:43:46.216212 [info ] [MainThread]: Using profiles.yml file at ../profiles.yml
[0m18:43:46.216212 [info ] [MainThread]: Using dbt_project.yml file at C:\Users\argus\workspace\dwcomdbt\dbt_project.yml
[0m18:43:46.216212 [info ] [MainThread]: Configuration:
[0m18:43:46.217186 [info ] [MainThread]:   profiles.yml file [[31mERROR not found[0m]
[0m18:43:46.218159 [info ] [MainThread]:   dbt_project.yml file [[31mERROR not found[0m]
[0m18:43:46.218159 [info ] [MainThread]: Required dependencies:
[0m18:43:46.218159 [debug] [MainThread]: Executing "git --help"
[0m18:43:46.242106 [debug] [MainThread]: STDOUT: "b"usage: git [-v | --version] [-h | --help] [-C <path>] [-c <name>=<value>]\n           [--exec-path[=<path>]] [--html-path] [--man-path] [--info-path]\n           [-p | --paginate | -P | --no-pager] [--no-replace-objects] [--no-lazy-fetch]\n           [--no-optional-locks] [--no-advice] [--bare] [--git-dir=<path>]\n           [--work-tree=<path>] [--namespace=<name>] [--config-env=<name>=<envvar>]\n           <command> [<args>]\n\nThese are common Git commands used in various situations:\n\nstart a working area (see also: git help tutorial)\n   clone     Clone a repository into a new directory\n   init      Create an empty Git repository or reinitialize an existing one\n\nwork on the current change (see also: git help everyday)\n   add       Add file contents to the index\n   mv        Move or rename a file, a directory, or a symlink\n   restore   Restore working tree files\n   rm        Remove files from the working tree and from the index\n\nexamine the history and state (see also: git help revisions)\n   bisect    Use binary search to find the commit that introduced a bug\n   diff      Show changes between commits, commit and working tree, etc\n   grep      Print lines matching a pattern\n   log       Show commit logs\n   show      Show various types of objects\n   status    Show the working tree status\n\ngrow, mark and tweak your common history\n   branch    List, create, or delete branches\n   commit    Record changes to the repository\n   merge     Join two or more development histories together\n   rebase    Reapply commits on top of another base tip\n   reset     Reset current HEAD to the specified state\n   switch    Switch branches\n   tag       Create, list, delete or verify a tag object signed with GPG\n\ncollaborate (see also: git help workflows)\n   fetch     Download objects and refs from another repository\n   pull      Fetch from and integrate with another repository or a local branch\n   push      Update remote refs along with associated objects\n\n'git help -a' and 'git help -g' list available subcommands and some\nconcept guides. See 'git help <command>' or 'git help <concept>'\nto read about a specific subcommand or concept.\nSee 'git help git' for an overview of the system.\n""
[0m18:43:46.243078 [debug] [MainThread]: STDERR: "b''"
[0m18:43:46.243078 [info ] [MainThread]:  - git [[32mOK found[0m]

[0m18:43:46.244051 [info ] [MainThread]: Connection test skipped since no profile was found
[0m18:43:46.244051 [info ] [MainThread]: [31m2 checks failed:[0m
[0m18:43:46.244051 [info ] [MainThread]: dbt looked for a profiles.yml file in ../profiles.yml, but did
not find one. For more information on configuring your profile, consult the
documentation:

https://docs.getdbt.com/docs/configure-your-profile


[0m18:43:46.245025 [info ] [MainThread]: Project loading failed for the following reason:
 project path <C:\Users\argus\workspace\dwcomdbt\dbt_project.yml> not found

[0m18:43:46.245998 [debug] [MainThread]: Command `dbt debug` failed at 18:43:46.245998 after 0.14 seconds
[0m18:43:46.245998 [debug] [MainThread]: Sending event: {'category': 'dbt', 'action': 'invocation', 'label': 'end', 'context': [<snowplow_tracker.self_describing_json.SelfDescribingJson object at 0x0000022F24AA78C0>, <snowplow_tracker.self_describing_json.SelfDescribingJson object at 0x0000022F242E79B0>, <snowplow_tracker.self_describing_json.SelfDescribingJson object at 0x0000022F24188A40>]}
[0m18:43:46.246972 [debug] [MainThread]: Flushing usage events
[0m18:56:56.980427 [debug] [MainThread]: Sending event: {'category': 'dbt', 'action': 'invocation', 'label': 'start', 'context': [<snowplow_tracker.self_describing_json.SelfDescribingJson object at 0x000001CECD205880>, <snowplow_tracker.self_describing_json.SelfDescribingJson object at 0x000001CECCF2BD10>, <snowplow_tracker.self_describing_json.SelfDescribingJson object at 0x000001CECCF2AE70>]}


============================== 18:56:56.983901 | 11e36084-87b4-4d31-b6e0-3c65c5854814 ==============================
[0m18:56:56.983901 [info ] [MainThread]: Running with dbt=1.8.6
[0m18:56:56.984877 [debug] [MainThread]: running dbt with arguments {'printer_width': '80', 'indirect_selection': 'eager', 'log_cache_events': 'False', 'write_json': 'True', 'partial_parse': 'True', 'cache_selected_only': 'False', 'warn_error': 'None', 'fail_fast': 'False', 'profiles_dir': '../', 'log_path': 'logs', 'debug': 'False', 'version_check': 'True', 'use_colors': 'True', 'use_experimental_parser': 'False', 'no_print': 'None', 'quiet': 'False', 'empty': 'False', 'log_format': 'default', 'introspect': 'True', 'invocation_command': 'dbt run', 'warn_error_options': 'WarnErrorOptions(include=[], exclude=[])', 'target_path': 'None', 'static_parser': 'True', 'send_anonymous_usage_stats': 'True'}
[0m18:56:56.984877 [error] [MainThread]: Encountered an error:
Runtime Error
  No dbt_project.yml found at expected path C:\Users\argus\workspace\dwcomdbt\dbt_project.yml
  Verify that each entry within packages.yml (and their transitive dependencies) contains a file named dbt_project.yml
  
[0m18:56:56.985852 [debug] [MainThread]: Command `dbt run` failed at 18:56:56.985852 after 0.17 seconds
[0m18:56:56.986824 [debug] [MainThread]: Sending event: {'category': 'dbt', 'action': 'invocation', 'label': 'end', 'context': [<snowplow_tracker.self_describing_json.SelfDescribingJson object at 0x000001CECCF48650>, <snowplow_tracker.self_describing_json.SelfDescribingJson object at 0x000001CECD355DC0>, <snowplow_tracker.self_describing_json.SelfDescribingJson object at 0x000001CECD26CD10>]}
[0m18:56:56.986824 [debug] [MainThread]: Flushing usage events
[0m19:02:20.756223 [debug] [MainThread]: Sending event: {'category': 'dbt', 'action': 'invocation', 'label': 'start', 'context': [<snowplow_tracker.self_describing_json.SelfDescribingJson object at 0x000001D5D1F859D0>, <snowplow_tracker.self_describing_json.SelfDescribingJson object at 0x000001D5D1F85940>, <snowplow_tracker.self_describing_json.SelfDescribingJson object at 0x000001D5D1FEC830>]}


============================== 19:02:20.758170 | 11c34d9c-cf05-4c23-891b-9f84cd959325 ==============================
[0m19:02:20.758170 [info ] [MainThread]: Running with dbt=1.8.6
[0m19:02:20.759683 [debug] [MainThread]: running dbt with arguments {'printer_width': '80', 'indirect_selection': 'eager', 'log_cache_events': 'False', 'write_json': 'True', 'partial_parse': 'True', 'cache_selected_only': 'False', 'profiles_dir': '../', 'version_check': 'True', 'fail_fast': 'False', 'log_path': 'logs', 'debug': 'False', 'warn_error': 'None', 'use_colors': 'True', 'use_experimental_parser': 'False', 'no_print': 'None', 'quiet': 'False', 'empty': 'False', 'log_format': 'default', 'invocation_command': 'dbt run -f', 'introspect': 'True', 'static_parser': 'True', 'target_path': 'None', 'warn_error_options': 'WarnErrorOptions(include=[], exclude=[])', 'send_anonymous_usage_stats': 'True'}
[0m19:02:20.760660 [error] [MainThread]: Encountered an error:
Runtime Error
  No dbt_project.yml found at expected path C:\Users\argus\workspace\dwcomdbt\dbt_project.yml
  Verify that each entry within packages.yml (and their transitive dependencies) contains a file named dbt_project.yml
  
[0m19:02:20.761634 [debug] [MainThread]: Command `dbt run` failed at 19:02:20.761634 after 0.10 seconds
[0m19:02:20.761634 [debug] [MainThread]: Sending event: {'category': 'dbt', 'action': 'invocation', 'label': 'end', 'context': [<snowplow_tracker.self_describing_json.SelfDescribingJson object at 0x000001D5D1DA4F50>, <snowplow_tracker.self_describing_json.SelfDescribingJson object at 0x000001D5D1230AA0>, <snowplow_tracker.self_describing_json.SelfDescribingJson object at 0x000001D5D1FEC830>]}
[0m19:02:20.761634 [debug] [MainThread]: Flushing usage events
